[INFO] [03-16-2025 08:36:34] Source      : Program :: Main
Log Message: Execution Started
^^-----------------------------------------------------------------^^
[INFO] [03-16-2025 08:36:34] Source      : PreProcessor :: LogInfo
Log Message: Template loading started.
^^-----------------------------------------------------------------^^
[INFO] [03-16-2025 08:36:34] Source      : DataLoadTemplate :: .ctor
Log Message: Loading template values to the class properties.
^^-----------------------------------------------------------------^^
[INFO] [03-16-2025 08:36:34] Source      : DataLoadTemplate :: .ctor
Log Message: Template values are loaded into the class properties.
^^-----------------------------------------------------------------^^
[INFO] [03-16-2025 08:36:35] Source      : ArchiveProcess :: Archive
Log Message: Archiving: D:\Projects\Console Applications (Legacy)\ProdData\Incoming\transaction.xml
^^-----------------------------------------------------------------^^
[INFO] [03-16-2025 08:49:19] Source      : Program :: Main
Log Message: Execution Started
^^-----------------------------------------------------------------^^
[INFO] [03-16-2025 08:49:19] Source      : PreProcessor :: LogInfo
Log Message: Template loading started.
^^-----------------------------------------------------------------^^
[INFO] [03-16-2025 08:49:19] Source      : DataLoadTemplate :: .ctor
Log Message: Loading template values to the class properties.
^^-----------------------------------------------------------------^^
[INFO] [03-16-2025 08:49:19] Source      : DataLoadTemplate :: .ctor
Log Message: Template values are loaded into the class properties.
^^-----------------------------------------------------------------^^
[INFO] [03-16-2025 08:49:19] Source      : ArchiveProcess :: Archive
Log Message: Archiving: D:\Projects\Console Applications (Legacy)\ProdData\Incoming\transaction.xml
^^-----------------------------------------------------------------^^
